conky: desktop window (3d6) is root window
conky: window type - override
conky: drawing to created window (0x600002)
conky: drawing to double buffer
conky: forked to background, pid is 963305

conky: X Error: Display 563000dd0090

conky: desktop window (3d6) is root window
conky: window type - override
conky: drawing to created window (0xc00002)
conky: drawing to double buffer
conky: forked to background, pid is 967116

conky: received SIGHUP, SIGINT, or SIGTERM to terminate. bye!
conky: X Error: Display 55ffd6e6c090

conky: desktop window (3d6) is root window
conky: window type - override
conky: drawing to created window (0xc00002)
conky: drawing to double buffer
conky: forked to background, pid is 980492

conky: received SIGHUP, SIGINT, or SIGTERM to terminate. bye!
conky: X Error: Display 559d8d91f090

conky: desktop window (3d6) is root window
conky: window type - override
conky: drawing to created window (0xc00002)
conky: drawing to double buffer
conky: forked to background, pid is 991070

conky: received SIGHUP, SIGINT, or SIGTERM to terminate. bye!
conky: X Error: Display 56191478a090

conky: desktop window (3d6) is root window
conky: window type - override
conky: drawing to created window (0xc00002)
conky: drawing to double buffer
conky: forked to background, pid is 991657

conky: X Error: Display 55b2008cd090

conky: desktop window (3d6) is root window
conky: window type - override
conky: drawing to created window (0xc00002)
conky: drawing to double buffer
conky: forked to background, pid is 995810

conky: X Error: Display 558bfc3ae090

conky: desktop window (3d6) is root window
conky: window type - override
conky: drawing to created window (0xc00002)
conky: drawing to double buffer
conky: forked to background, pid is 6812

conky: '/home/pxl/.config/conky/conky.conf' modified, reloading...
conky: desktop window (3d6) is root window
conky: window type - override
conky: drawing to created window (0xc00002)
conky: drawing to double buffer
conky: '/home/pxl/.config/conky/conky.conf' modified, reloading...
conky: desktop window (3d6) is root window
conky: window type - override
conky: drawing to created window (0xc00002)
conky: drawing to double buffer
conky: '/home/pxl/.config/conky/conky.conf' modified, reloading...
conky: desktop window (3d6) is root window
conky: window type - override
conky: drawing to created window (0xc00002)
conky: drawing to double buffer
conky: '/home/pxl/.config/conky/conky.conf' modified, reloading...
conky: desktop window (3d6) is root window
conky: window type - override
conky: drawing to created window (0xc00002)
conky: drawing to double buffer
conky: '/home/pxl/.config/conky/conky.conf' modified, reloading...
conky: desktop window (3d6) is root window
conky: window type - override
conky: drawing to created window (0xc00002)
conky: drawing to double buffer
conky: '/home/pxl/.config/conky/conky.conf' modified, reloading...
conky: desktop window (3d6) is root window
conky: window type - override
conky: drawing to created window (0xc00002)
conky: drawing to double buffer
conky: '/home/pxl/.config/conky/conky.conf' modified, reloading...
conky: desktop window (3d6) is root window
conky: window type - override
conky: drawing to created window (0xc00002)
conky: drawing to double buffer
conky: '/home/pxl/.config/conky/conky.conf' modified, reloading...
conky: desktop window (3d6) is root window
conky: window type - override
conky: drawing to created window (0xc00002)
conky: drawing to double buffer
conky: '/home/pxl/.config/conky/conky.conf' modified, reloading...
conky: desktop window (3d6) is root window
conky: window type - override
conky: drawing to created window (0xc00002)
conky: drawing to double buffer
conky: '/home/pxl/.config/conky/conky.conf' modified, reloading...
conky: desktop window (3d6) is root window
conky: window type - override
conky: drawing to created window (0xc00002)
conky: drawing to double buffer
conky: '/home/pxl/.config/conky/conky.conf' modified, reloading...
conky: desktop window (3d6) is root window
conky: window type - override
conky: drawing to created window (0xc00002)
conky: drawing to double buffer
conky: received SIGHUP, SIGINT, or SIGTERM to terminate. bye!
conky: X Error: Display 5626fe79e990

conky: desktop window (3d6) is root window
conky: window type - override
conky: drawing to created window (0xc00002)
conky: drawing to double buffer
conky: forked to background, pid is 6229

conky: X Error: Display 55a0b3282090

conky: desktop window (3d6) is root window
conky: window type - override
conky: drawing to created window (0xc00002)
conky: drawing to double buffer
conky: forked to background, pid is 6238

conky: received SIGHUP, SIGINT, or SIGTERM to terminate. bye!
conky: X Error: Display 559eadef4090

conky: desktop window (3d6) is root window
conky: window type - override
conky: drawing to created window (0x600002)
conky: drawing to double buffer
conky: forked to background, pid is 3332

conky: X Error: Display 556cfd5d8090

conky: desktop window (3d6) is root window
conky: window type - override
conky: drawing to created window (0xc00002)
conky: drawing to double buffer
conky: forked to background, pid is 115241

conky: received SIGHUP, SIGINT, or SIGTERM to terminate. bye!
conky: X Error: Display 56533c7ef090

conky: desktop window (3d6) is root window
conky: window type - override
conky: drawing to created window (0xc00002)
conky: drawing to double buffer
conky: forked to background, pid is 10250

conky: received SIGHUP, SIGINT, or SIGTERM to terminate. bye!
conky: X Error: Display 55edf1df9090

conky: desktop window (3d6) is root window
conky: window type - override
conky: drawing to created window (0xc00002)
conky: drawing to double buffer
conky: forked to background, pid is 6226

conky: received SIGHUP, SIGINT, or SIGTERM to terminate. bye!
conky: X Error: Display 5636aec90090

conky: desktop window (3d6) is root window
conky: window type - override
conky: drawing to created window (0xc00002)
conky: drawing to double buffer
conky: forked to background, pid is 241987

conky: received SIGHUP, SIGINT, or SIGTERM to terminate. bye!
conky: X Error: Display 55c87056c090

conky: desktop window (3d6) is root window
conky: window type - override
conky: drawing to created window (0x600002)
conky: drawing to double buffer
conky: forked to background, pid is 3323

conky: received SIGHUP, SIGINT, or SIGTERM to terminate. bye!
conky: X Error: Display 559f9ea19090

conky: desktop window (3d6) is root window
conky: window type - override
conky: drawing to created window (0xc00002)
conky: drawing to double buffer
conky: forked to background, pid is 6256

conky: received SIGHUP, SIGINT, or SIGTERM to terminate. bye!
conky: X Error: Display 55b9bf6a9110

conky: desktop window (3d6) is root window
conky: window type - override
conky: drawing to created window (0xc00002)
conky: drawing to double buffer
conky: forked to background, pid is 6351

conky: X Error: Display 558348fc1110

conky: desktop window (3d6) is root window
conky: window type - override
conky: drawing to created window (0xc00002)
conky: drawing to double buffer
conky: forked to background, pid is 3321

conky: received SIGHUP, SIGINT, or SIGTERM to terminate. bye!
conky: X Error: Display 55702b04c110

conky: desktop window (3d6) is root window
conky: window type - override
conky: drawing to created window (0xc00002)
conky: drawing to double buffer
conky: forked to background, pid is 3163

conky: X Error: Display 560e8363b110

conky: desktop window (3d6) is root window
conky: window type - override
conky: drawing to created window (0xc00002)
conky: drawing to double buffer
conky: forked to background, pid is 3299

conky: X Error: Display 55865272a110

conky: desktop window (3d6) is root window
conky: window type - override
conky: drawing to created window (0xc00002)
conky: drawing to double buffer
conky: forked to background, pid is 6034

conky: X Error: Display 56477bea7110

conky: desktop window (3d6) is root window
conky: window type - override
conky: drawing to created window (0xc00002)
conky: drawing to double buffer
conky: forked to background, pid is 7261

conky: X Error: Display 55ea0243c110

conky: desktop window (3d6) is root window
conky: window type - override
conky: drawing to created window (0x600002)
conky: drawing to double buffer
conky: forked to background, pid is 4116

conky: X Error: Display 55cce5f7e110

conky: desktop window (3d6) is root window
conky: window type - override
conky: drawing to created window (0xc00002)
conky: drawing to double buffer
conky: forked to background, pid is 14405

conky: X Error: Display 55676033fd20

conky: desktop window (3d6) is root window
conky: window type - override
conky: drawing to created window (0xc00002)
conky: drawing to double buffer
conky: forked to background, pid is 11389

conky: X Error: Display 564a65ee5d20

conky: desktop window (3d6) is root window
conky: window type - override
conky: drawing to created window (0x600002)
conky: drawing to double buffer
conky: forked to background, pid is 6129

conky: X Error: Display 55638cd89d20

conky: desktop window (3d6) is root window
conky: window type - override
conky: drawing to created window (0xc00002)
conky: drawing to double buffer
conky: forked to background, pid is 6118

conky: received SIGHUP, SIGINT, or SIGTERM to terminate. bye!
conky: X Error: Display 56129106e180

conky: desktop window (3d6) is root window
conky: window type - override
conky: drawing to created window (0xc00002)
conky: drawing to double buffer
conky: forked to background, pid is 5895

conky: X Error: Display 557dcb0e8180

conky: desktop window (3d6) is root window
conky: window type - override
conky: drawing to created window (0xc00002)
conky: drawing to double buffer
conky: forked to background, pid is 17459

conky: X Error: Display 56235a3e1180

conky: desktop window (3d6) is root window
conky: window type - override
conky: drawing to created window (0xc00002)
conky: drawing to double buffer
conky: forked to background, pid is 8116

conky: received SIGHUP, SIGINT, or SIGTERM to terminate. bye!
conky: X Error: Display 5653afa45480

conky: desktop window (3d6) is root window
conky: window type - override
conky: drawing to created window (0xc00002)
conky: drawing to double buffer
conky: forked to background, pid is 12586

conky: '/home/pxl/.config/conky/conky.conf' modified, reloading...
conky: desktop window (3d6) is root window
conky: window type - override
conky: drawing to created window (0xc00002)
conky: drawing to double buffer
conky: invalid argument count for top
conky: '/home/pxl/.config/conky/conky.conf' modified, reloading...
conky: desktop window (3d6) is root window
conky: window type - override
conky: drawing to created window (0xc00002)
conky: drawing to double buffer
conky: '/home/pxl/.config/conky/conky.conf' modified, reloading...
conky: desktop window (3d6) is root window
conky: window type - override
conky: drawing to created window (0xc00002)
conky: drawing to double buffer
conky: invalid argument count for top
conky: '/home/pxl/.config/conky/conky.conf' modified, reloading...
conky: desktop window (3d6) is root window
conky: window type - override
conky: drawing to created window (0xc00002)
conky: drawing to double buffer
conky: invalid argument count for top
conky: '/home/pxl/.config/conky/conky.conf' modified, reloading...
conky: desktop window (3d6) is root window
conky: window type - override
conky: drawing to created window (0xc00002)
conky: drawing to double buffer
conky: '/home/pxl/.config/conky/conky.conf' modified, reloading...
conky: desktop window (3d6) is root window
conky: window type - override
conky: drawing to created window (0xc00002)
conky: drawing to double buffer
conky: '/home/pxl/.config/conky/conky.conf' modified, reloading...
conky: desktop window (3d6) is root window
conky: window type - override
conky: drawing to created window (0xc00002)
conky: drawing to double buffer
conky: '/home/pxl/.config/conky/conky.conf' modified, reloading...
conky: desktop window (3d6) is root window
conky: window type - override
conky: drawing to created window (0xc00002)
conky: drawing to double buffer
conky: '/home/pxl/.config/conky/conky.conf' modified, reloading...
conky: desktop window (3d6) is root window
conky: window type - override
conky: drawing to created window (0xc00002)
conky: drawing to double buffer
conky: '/home/pxl/.config/conky/conky.conf' modified, reloading...
conky: desktop window (3d6) is root window
conky: window type - override
conky: drawing to created window (0xc00002)
conky: drawing to double buffer
conky: X Error: Display 55ddf3618970

conky: desktop window (3d6) is root window
conky: window type - override
conky: drawing to created window (0xc00002)
conky: drawing to double buffer
conky: forked to background, pid is 14572

conky: '/home/pxl/.config/conky/conky.conf' modified, reloading...
conky: desktop window (3d6) is root window
conky: window type - override
conky: drawing to created window (0xc00002)
conky: drawing to double buffer
conky: '/home/pxl/.config/conky/conky.conf' modified, reloading...
conky: desktop window (3d6) is root window
conky: window type - override
conky: drawing to created window (0xc00002)
conky: drawing to double buffer
conky: '/home/pxl/.config/conky/conky.conf' modified, reloading...
conky: desktop window (3d6) is root window
conky: window type - override
conky: drawing to created window (0xc00002)
conky: drawing to double buffer
conky: '/home/pxl/.config/conky/conky.conf' modified, reloading...
conky: desktop window (3d6) is root window
conky: window type - override
conky: drawing to created window (0xc00002)
conky: drawing to double buffer
conky: '/home/pxl/.config/conky/conky.conf' modified, reloading...
conky: desktop window (3d6) is root window
conky: window type - override
conky: drawing to created window (0xc00002)
conky: drawing to double buffer
conky: '/home/pxl/.config/conky/conky.conf' modified, reloading...
conky: desktop window (3d6) is root window
conky: window type - override
conky: drawing to created window (0xc00002)
conky: drawing to double buffer
conky: X Error: Display 5592d246edd0

conky: desktop window (3d6) is root window
conky: window type - override
conky: drawing to created window (0xc00002)
conky: drawing to double buffer
conky: forked to background, pid is 6900

conky: X Error: Display 55a333cb24d0

conky: desktop window (3d6) is root window
conky: window type - override
conky: drawing to created window (0xc00002)
conky: drawing to double buffer
conky: forked to background, pid is 6298

conky: desktop window (3d6) is root window
conky: window type - override
conky: drawing to created window (0xc00002)
conky: drawing to double buffer
conky: forked to background, pid is 118374

conky: conky: received SIGHUP, SIGINT, or SIGTERM to terminate. bye!
X Error: Display 55f0bc74f4d0

conky: X Error: Display 558cdcfb04d0

conky: desktop window (3d6) is root window
conky: window type - override
conky: drawing to created window (0xc00002)
conky: drawing to double buffer
conky: forked to background, pid is 429161

conky: X Error: Display 55baa6b124d0

conky: desktop window (3d6) is root window
conky: window type - override
conky: drawing to created window (0xc00002)
conky: drawing to double buffer
conky: forked to background, pid is 4133

conky: X Error: Display 55c8d62594d0

conky: desktop window (3d6) is root window
conky: window type - override
conky: drawing to created window (0xc00002)
conky: drawing to double buffer
conky: forked to background, pid is 6635

conky: X Error: Display 561317ba04d0

conky: desktop window (3d6) is root window
conky: window type - override
conky: drawing to created window (0xc00002)
conky: drawing to double buffer
conky: forked to background, pid is 3605

conky: received SIGHUP, SIGINT, or SIGTERM to terminate. bye!
conky: X Error: Display 55990ec074d0

conky: desktop window (3d6) is root window
conky: window type - override
conky: drawing to created window (0xc00002)
conky: drawing to double buffer
conky: forked to background, pid is 6996

conky: X Error: Display 560d3ed2d4d0

conky: desktop window (3d6) is root window
conky: window type - override
conky: drawing to created window (0xc00002)
conky: drawing to double buffer
conky: forked to background, pid is 6584

conky: received SIGHUP, SIGINT, or SIGTERM to terminate. bye!
conky: X Error: Display 564be6ada4d0

conky: desktop window (3d6) is root window
conky: window type - override
conky: drawing to created window (0xc00002)
conky: drawing to double buffer
conky: can't open '/sys/class/hwmon/hwmon0/temp1_input': Нет такого файла или каталога
please check your device or remove this var from conky
conky: can't open '/sys/class/hwmon/hwmon0/temp2_input': Нет такого файла или каталога
please check your device or remove this var from conky
conky: forked to background, pid is 3402

conky: received SIGHUP, SIGINT, or SIGTERM to terminate. bye!
conky: X Error: Display 5573c93884d0

conky: desktop window (3d6) is root window
conky: window type - override
conky: drawing to created window (0xc00002)
conky: drawing to double buffer
conky: can't open '/sys/class/hwmon/hwmon0/temp1_input': Нет такого файла или каталога
please check your device or remove this var from conky
conky: can't open '/sys/class/hwmon/hwmon0/temp2_input': Нет такого файла или каталога
please check your device or remove this var from conky
conky: forked to background, pid is 6002

conky: received SIGHUP, SIGINT, or SIGTERM to terminate. bye!
conky: X Error: Display 5564c62564d0

conky: desktop window (3d6) is root window
conky: window type - override
conky: drawing to created window (0x600002)
conky: drawing to double buffer
conky: can't open '/sys/class/hwmon/hwmon0/temp1_input': Нет такого файла или каталога
please check your device or remove this var from conky
conky: can't open '/sys/class/hwmon/hwmon0/temp2_input': Нет такого файла или каталога
please check your device or remove this var from conky
conky: forked to background, pid is 6587

conky: received SIGHUP, SIGINT, or SIGTERM to terminate. bye!
conky: X Error: Display 564910ba74d0

conky: desktop window (3d6) is root window
conky: window type - override
conky: drawing to created window (0xc00002)
conky: drawing to double buffer
conky: can't open '/sys/class/hwmon/hwmon0/temp1_input': Нет такого файла или каталога
please check your device or remove this var from conky
conky: can't open '/sys/class/hwmon/hwmon0/temp2_input': Нет такого файла или каталога
please check your device or remove this var from conky
conky: forked to background, pid is 8016

conky: X Error: Display 564a1628c4d0

conky: desktop window (3d6) is root window
conky: window type - override
conky: drawing to created window (0xc00002)
conky: drawing to double buffer
conky: can't open '/sys/class/hwmon/hwmon0/temp1_input': Нет такого файла или каталога
please check your device or remove this var from conky
conky: can't open '/sys/class/hwmon/hwmon0/temp2_input': Нет такого файла или каталога
please check your device or remove this var from conky
conky: forked to background, pid is 11948

conky: X Error: Display 55f593964520

conky: desktop window (3d6) is root window
conky: window type - override
conky: drawing to created window (0xc00002)
conky: drawing to double buffer
conky: can't open '/sys/class/hwmon/hwmon0/temp1_input': Нет такого файла или каталога
please check your device or remove this var from conky
conky: can't open '/sys/class/hwmon/hwmon0/temp2_input': Нет такого файла или каталога
please check your device or remove this var from conky
conky: forked to background, pid is 6241

conky: '/home/pxl/.config/conky/conky.conf' modified, reloading...
conky: desktop window (3d6) is root window
conky: window type - override
conky: drawing to created window (0xc00002)
conky: drawing to double buffer
conky: can't open '/sys/class/hwmon/hwmon0/temp2_input': Нет такого файла или каталога
please check your device or remove this var from conky
conky: get_sysfs_info(): read from  failed

conky: can't open '': Нет такого файла или каталога
conky: '/home/pxl/.config/conky/conky.conf' modified, reloading...
conky: desktop window (3d6) is root window
conky: window type - override
conky: drawing to created window (0xc00002)
conky: drawing to double buffer
conky: can't open '/sys/class/hwmon/hwmon0/temp0_input': Нет такого файла или каталога
please check your device or remove this var from conky
conky: can't open '/sys/class/hwmon/hwmon0/temp2_input': Нет такого файла или каталога
please check your device or remove this var from conky
conky: '/home/pxl/.config/conky/conky.conf' modified, reloading...
conky: desktop window (3d6) is root window
conky: window type - override
conky: drawing to created window (0xc00002)
conky: drawing to double buffer
conky: can't open '/sys/class/hwmon/hwmon0/temp2_input': Нет такого файла или каталога
please check your device or remove this var from conky
conky: get_sysfs_info(): read from  failed

conky: can't open '': Нет такого файла или каталога
conky: '/home/pxl/.config/conky/conky.conf' modified, reloading...
conky: desktop window (3d6) is root window
conky: window type - override
conky: drawing to created window (0xc00002)
conky: drawing to double buffer
conky: can't open '/sys/class/hwmon/hwmon0/temp1_input': Нет такого файла или каталога
please check your device or remove this var from conky
conky: can't open '/sys/class/hwmon/hwmon0/temp2_input': Нет такого файла или каталога
please check your device or remove this var from conky
conky: '/home/pxl/.config/conky/conky.conf' modified, reloading...
conky: Config file '/home/pxl/.config/conky/conky.conf' is gone, continuing with config from memory.
If you recreate this file sent me a SIGUSR1 to tell me about it. ( kill -s USR1 6241 )
conky: '/home/pxl/.config/conky/conky.conf' modified, reloading...
conky: desktop window (3d6) is root window
conky: window type - panel
conky: drawing to created window (0xc00002)
conky: drawing to double buffer
conky: statfs '/mnt/local/dataSSD': Нет такого файла или каталога
conky: statfs '/mnt/local/dataSSD': Нет такого файла или каталога
cat: /home/pxl/.cache/weather.jsonsh: строка 1: json: команда не найдена
sh: строка 1: json: команда не найдена
cat: /home/pxl/.cache/weather.jsoncat: /home/pxl/.cache/weather.jsonsh: строка 1: json: команда не найдена
sh: строка 1: json: команда не найдена
sh: строка 1: json: команда не найдена
cat: /home/pxl/.cache/weather.json: Нет такого файла или каталога
cat: /home/pxl/.cache/weather.jsonsh: строка 1: checkupdates: команда не найдена
: Нет такого файла или каталога
cat: /home/pxl/.cache/weather.jsonsh: строка 1: json: команда не найдена
: Нет такого файла или каталога
sh: строка 1: apcaccess: команда не найдена
: Нет такого файла или каталога
date: неверная дата «@»
date: неверная дата «@»
cat: /home/pxl/.cache/weather.jsonsh: строка 1: json: команда не найдена
cat: /home/pxl/.cache/weather.jsoncat: /home/pxl/.cache/weather.jsonsh: строка 1: json: команда не найдена
sh: строка 1: json: команда не найдена
sh: строка 1: json: команда не найдена
cat: /home/pxl/.cache/weather.json: Нет такого файла или каталога
cat: /home/pxl/.cache/weather.jsonsh: строка 1: json: команда не найдена
sh: строка 1: json: команда не найдена
cat: /home/pxl/.cache/weather.jsonsh: строка 1: json: команда не найдена
: Нет такого файла или каталога
cp: не удалось выполнить stat для '/home/pxl/.config/conky/icons/weather/.png': Нет такого файла или каталога
: Нет такого файла или каталога
cat: /home/pxl/.cache/weather.json: Нет такого файла или каталога
cat: /home/pxl/.cache/weather.jsonsh: строка 1: json: команда не найдена
: Нет такого файла или каталога
cat: /home/pxl/.cache/weather.json: Нет такого файла или каталога
: Нет такого файла или каталога
sh: строка 1: json: команда не найдена
: Нет такого файла или каталога
cat: /home/pxl/.cache/weather.json: Нет такого файла или каталога
sh: строка 1: json: команда не найдена
cp: не удалось выполнить stat для '/home/pxl/Design/icons/weather/.png': Нет такого файла или каталога
: Нет такого файла или каталога
sh: строка 1: json: команда не найдена
: Нет такого файла или каталога
: Нет такого файла или каталогаcat: 
/home/pxl/.cache/weather.jsoncat: /home/pxl/.cache/weather.jsonsh: строка 1: json: команда не найдена
: Нет такого файла или каталога
cp: не удалось выполнить stat для '/home/pxl/Design/icons/weather/.png': Нет такого файла или каталога
: Нет такого файла или каталога
cat: /home/pxl/.cache/weather.jsoncp: не удалось выполнить stat для '/home/pxl/Design/icons/weather/.png': Нет такого файла или каталога
cp: не удалось выполнить stat для '/home/pxl/Design/icons/weather/.png': Нет такого файла или каталога
sh: строка 1: json: команда не найдена
date: неверная дата «@»
: Нет такого файла или каталога
date: неверная дата «@»
conky: obj->data.i 5 info.cpu_count 4
conky: attempting to use more CPUs than you have!
conky: desktop window (3d6) is root window
conky: window type - override
conky: drawing to created window (0xc00002)
conky: drawing to double buffer
conky: forked to background, pid is 3525

conky: received SIGHUP, SIGINT, or SIGTERM to terminate. bye!
conky: X Error: Display 56327d23d540

conky: desktop window (3d6) is root window
conky: window type - override
conky: drawing to created window (0xc00002)
conky: drawing to double buffer
conky: forked to background, pid is 25439

conky: received SIGHUP, SIGINT, or SIGTERM to terminate. bye!
conky: X Error: Display 56068c355540

conky: desktop window (3d6) is root window
conky: window type - override
conky: drawing to created window (0xc00002)
conky: drawing to double buffer
conky: forked to background, pid is 36544

conky: X Error: Display 558b98c18540

conky: desktop window (3d6) is root window
conky: window type - override
conky: drawing to created window (0xc00002)
conky: drawing to double buffer
conky: forked to background, pid is 561759

conky: X Error: Display 561762d06540

conky: desktop window (3d6) is root window
conky: window type - override
conky: drawing to created window (0x600002)
conky: drawing to double buffer
conky: forked to background, pid is 3428

conky: X Error: Display 555e6b1f1540

conky: desktop window (3d6) is root window
conky: window type - override
conky: drawing to created window (0xc00002)
conky: drawing to double buffer
conky: forked to background, pid is 6402

conky: X Error: Display 55ee6ccb5540

conky: desktop window (3d6) is root window
conky: window type - override
conky: drawing to created window (0xc00002)
conky: drawing to double buffer
conky: forked to background, pid is 3255

conky: X Error: Display 55c85ff89540

conky: desktop window (3d6) is root window
conky: window type - override
conky: drawing to created window (0xc00002)
conky: drawing to double buffer
conky: forked to background, pid is 4324

conky: received SIGHUP, SIGINT, or SIGTERM to terminate. bye!
conky: X Error: Display 55c5347ab540

conky: desktop window (3d6) is root window
conky: window type - override
conky: drawing to created window (0xc00002)
conky: drawing to double buffer
conky: forked to background, pid is 55606

conky: received SIGHUP, SIGINT, or SIGTERM to terminate. bye!
conky: X Error: Display 5559b12e5540

conky: desktop window (3d6) is root window
conky: window type - override
conky: drawing to created window (0xc00002)
conky: drawing to double buffer
conky: forked to background, pid is 68916

conky: received SIGHUP, SIGINT, or SIGTERM to terminate. bye!
conky: X Error: Display 5573a604e540

conky: desktop window (3d6) is root window
conky: window type - override
conky: drawing to created window (0xc00002)
conky: drawing to double buffer
conky: forked to background, pid is 821523

conky: received SIGHUP, SIGINT, or SIGTERM to terminate. bye!
conky: X Error: Display 560ff89b6540

conky: desktop window (3d6) is root window
conky: window type - override
conky: drawing to created window (0xc00002)
conky: drawing to double buffer
conky: forked to background, pid is 18082

conky: received SIGHUP, SIGINT, or SIGTERM to terminate. bye!
conky: X Error: Display 55c70ce14540

conky: desktop window (3d6) is root window
conky: window type - override
conky: drawing to created window (0xc00002)
conky: drawing to double buffer
conky: forked to background, pid is 439927

conky: received SIGHUP, SIGINT, or SIGTERM to terminate. bye!
conky: X Error: Display 560dc5997540

conky: desktop window (3d6) is root window
conky: window type - override
conky: drawing to created window (0x600002)
conky: drawing to double buffer
conky: forked to background, pid is 6364

conky: X Error: Display 55f9a0370540

conky: desktop window (3d6) is root window
conky: window type - override
conky: drawing to created window (0xc00002)
conky: drawing to double buffer
conky: forked to background, pid is 3861

conky: X Error: Display 5566c6552540

conky: desktop window (3d6) is root window
conky: window type - override
conky: drawing to created window (0xc00002)
conky: drawing to double buffer
conky: forked to background, pid is 6453

conky: received SIGHUP, SIGINT, or SIGTERM to terminate. bye!
conky: X Error: Display 562257e275a0

conky: desktop window (3d6) is root window
conky: window type - override
conky: drawing to created window (0xc00002)
conky: drawing to double buffer
conky: forked to background, pid is 3518

conky: X Error: Display 5586a4d9a5a0

conky: desktop window (3d6) is root window
conky: window type - override
conky: drawing to created window (0xc00002)
conky: drawing to double buffer
conky: forked to background, pid is 6026

conky: received SIGHUP, SIGINT, or SIGTERM to terminate. bye!
conky: X Error: Display 55e50f7045a0

conky: desktop window (3d6) is root window
conky: window type - override
conky: drawing to created window (0xc00002)
conky: drawing to double buffer
conky: forked to background, pid is 26096

conky: received SIGHUP, SIGINT, or SIGTERM to terminate. bye!
conky: X Error: Display 55fe6d02a5a0

conky: desktop window (3d6) is root window
conky: window type - override
conky: drawing to created window (0xc00002)
conky: drawing to double buffer
conky: forked to background, pid is 3679

conky: received SIGHUP, SIGINT, or SIGTERM to terminate. bye!
conky: X Error: Display 562ff272e4b0

conky: desktop window (3d6) is root window
conky: window type - override
conky: drawing to created window (0xc00002)
conky: drawing to double buffer
conky: forked to background, pid is 6357

conky: X Error: Display 55aad885a5a0

conky: desktop window (3d6) is root window
conky: window type - override
conky: drawing to created window (0xc00002)
conky: drawing to double buffer
conky: forked to background, pid is 3569

conky: X Error: Display 562713e254b0

conky: desktop window (3d6) is root window
conky: window type - override
conky: drawing to created window (0xc00002)
conky: drawing to double buffer
conky: forked to background, pid is 9430

conky: X Error: Display 5646e8c195a0

conky: desktop window (3d6) is root window
conky: window type - override
conky: drawing to created window (0xc00002)
conky: drawing to double buffer
conky: forked to background, pid is 3477

conky: received SIGHUP, SIGINT, or SIGTERM to terminate. bye!
conky: X Error: Display 56187fa3e4b0

conky: desktop window (3d6) is root window
conky: window type - override
conky: drawing to created window (0xc00002)
conky: drawing to double buffer
conky: forked to background, pid is 6415

conky: received SIGHUP, SIGINT, or SIGTERM to terminate. bye!
conky: X Error: Display 55da4439e2c0

conky: desktop window (3d6) is root window
conky: window type - override
conky: drawing to created window (0xc00002)
conky: drawing to double buffer
conky: forked to background, pid is 5604

conky: X Error: Display 5559b5a3c2c0

conky: desktop window (3d6) is root window
conky: window type - override
conky: drawing to created window (0xc00002)
conky: drawing to double buffer
conky: forked to background, pid is 11783

conky: X Error: Display 563c6b83e2c0

conky: desktop window (3d6) is root window
conky: window type - override
conky: drawing to created window (0xc00002)
conky: drawing to double buffer
conky: forked to background, pid is 9572

conky: X Error: Display 56489dc1d2c0

conky: desktop window (3d6) is root window
conky: window type - override
conky: drawing to created window (0xc00002)
conky: drawing to double buffer
conky: forked to background, pid is 3760

conky: X Error: Display 558fc80112c0

conky: desktop window (3d6) is root window
conky: window type - override
conky: drawing to created window (0xc00002)
conky: drawing to double buffer
conky: forked to background, pid is 3356

conky: desktop window (3d6) is root window
conky: window type - override
conky: drawing to created window (0xc00002)
conky: drawing to double buffer
conky: forked to background, pid is 3458

conky: received SIGHUP, SIGINT, or SIGTERM to terminate. bye!
conky: X Error: Display 562106b0a2c0

conky: desktop window (3d6) is root window
conky: window type - override
conky: drawing to created window (0xc00002)
conky: drawing to double buffer
conky: forked to background, pid is 3284

conky: X Error: Display 55a75d40a2c0

conky: desktop window (3d6) is root window
conky: window type - override
conky: drawing to created window (0xc00002)
conky: drawing to double buffer
conky: forked to background, pid is 3645

conky: X Error: Display 55d9b093d2c0

conky: desktop window (3d6) is root window
conky: window type - override
conky: drawing to created window (0xc00002)
conky: drawing to double buffer
conky: forked to background, pid is 6229

conky: X Error: Display 5588d9a912c0

conky: desktop window (3d6) is root window
conky: window type - override
conky: drawing to created window (0xc00002)
conky: drawing to double buffer
conky: forked to background, pid is 6512

conky: received SIGHUP, SIGINT, or SIGTERM to terminate. bye!
conky: X Error: Display 55e6aa2aa2c0

conky: desktop window (3d6) is root window
conky: window type - override
conky: drawing to created window (0xc00002)
conky: drawing to double buffer
conky: forked to background, pid is 6235

conky: received SIGHUP, SIGINT, or SIGTERM to terminate. bye!
conky: X Error: Display 564cfb8722c0

conky: desktop window (3d6) is root window
conky: window type - override
conky: drawing to created window (0x600002)
conky: drawing to double buffer
conky: forked to background, pid is 3228

conky: received SIGHUP, SIGINT, or SIGTERM to terminate. bye!
conky: X Error: Display 5582d1a312c0

conky: desktop window (3d6) is root window
conky: window type - override
conky: drawing to created window (0xc00002)
conky: drawing to double buffer
conky: forked to background, pid is 5775

conky: X Error: Display 5603046762c0

conky: desktop window (3d6) is root window
conky: window type - override
conky: drawing to created window (0xc00002)
conky: drawing to double buffer
conky: forked to background, pid is 3878

conky: X Error: Display 55e8c63452c0

conky: desktop window (3d6) is root window
conky: window type - override
conky: drawing to created window (0xc00002)
conky: drawing to double buffer
conky: forked to background, pid is 4341

conky: X Error: Display 5604aa5f22c0

conky: desktop window (3d6) is root window
conky: window type - override
conky: drawing to created window (0xc00002)
conky: drawing to double buffer
conky: forked to background, pid is 15600

conky: X Error: Display 55ad7a7e52c0

conky: desktop window (3d6) is root window
conky: window type - override
conky: drawing to created window (0xc00002)
conky: drawing to double buffer
conky: forked to background, pid is 6221

conky: X Error: Display 563a0152a2c0

conky: desktop window (3d6) is root window
conky: window type - override
conky: drawing to created window (0xc00002)
conky: drawing to double buffer
conky: forked to background, pid is 3550

conky: received SIGHUP, SIGINT, or SIGTERM to terminate. bye!
conky: X Error: Display 55f1300db2c0

conky: desktop window (3d6) is root window
conky: window type - override
conky: drawing to created window (0xc00002)
conky: drawing to double buffer
conky: forked to background, pid is 5783

conky: X Error: Display 55d11f09e2c0

conky: desktop window (3d6) is root window
conky: window type - override
conky: drawing to created window (0xc00002)
conky: drawing to double buffer
conky: forked to background, pid is 3701

conky: received SIGHUP, SIGINT, or SIGTERM to terminate. bye!
conky: X Error: Display 564da71352c0

conky: desktop window (3d6) is root window
conky: window type - override
conky: drawing to created window (0xc00002)
conky: drawing to double buffer
conky: forked to background, pid is 5978

conky: received SIGHUP, SIGINT, or SIGTERM to terminate. bye!
conky: X Error: Display 56478a7942c0

conky: desktop window (3d6) is root window
conky: window type - override
conky: drawing to created window (0xc00002)
conky: drawing to double buffer
conky: forked to background, pid is 16752

conky: X Error: Display 55795ddda2c0

conky: desktop window (3d6) is root window
conky: window type - override
conky: drawing to created window (0xc00002)
conky: drawing to double buffer
conky: forked to background, pid is 3734

conky: received SIGHUP, SIGINT, or SIGTERM to terminate. bye!
conky: X Error: Display 55a1bdacc2c0

conky: desktop window (3d6) is root window
conky: window type - override
conky: drawing to created window (0xc00002)
conky: drawing to double buffer
conky: forked to background, pid is 5951

conky: received SIGHUP, SIGINT, or SIGTERM to terminate. bye!
conky: X Error: Display 55a696f4d2c0

conky: desktop window (3d6) is root window
conky: window type - override
conky: drawing to created window (0xc00002)
conky: drawing to double buffer
conky: forked to background, pid is 6809

conky: received SIGHUP, SIGINT, or SIGTERM to terminate. bye!
conky: X Error: Display 55d9834432c0

conky: desktop window (3d6) is root window
conky: window type - override
conky: drawing to created window (0xc00002)
conky: drawing to double buffer
conky: forked to background, pid is 7998

conky: received SIGHUP, SIGINT, or SIGTERM to terminate. bye!
conky: X Error: Display 55ed5161c2c0

conky: desktop window (3d6) is root window
conky: window type - override
conky: drawing to created window (0xc00002)
conky: drawing to double buffer
conky: forked to background, pid is 14761

conky: received SIGHUP, SIGINT, or SIGTERM to terminate. bye!
conky: X Error: Display 5629dbb272c0

conky: desktop window (3d6) is root window
conky: window type - override
conky: drawing to created window (0xc00002)
conky: drawing to double buffer
conky: forked to background, pid is 3399

conky: received SIGHUP, SIGINT, or SIGTERM to terminate. bye!
conky: X Error: Display 55a7077852c0

conky: desktop window (3d6) is root window
conky: window type - override
conky: drawing to created window (0xc00002)
conky: drawing to double buffer
conky: forked to background, pid is 3240

conky: X Error: Display 55e74a27a2c0

conky: desktop window (3d6) is root window
conky: window type - override
conky: drawing to created window (0xc00002)
conky: drawing to double buffer
conky: forked to background, pid is 3822

conky: X Error: Display 55d886d192c0

conky: desktop window (3d6) is root window
conky: window type - override
conky: drawing to created window (0xc00002)
conky: drawing to double buffer
conky: forked to background, pid is 7075

conky: X Error: Display 55d65216f2c0

conky: desktop window (3d6) is root window
conky: window type - override
conky: drawing to created window (0xc00002)
conky: drawing to double buffer
conky: forked to background, pid is 3397

conky: X Error: Display 55897f9282c0

conky: desktop window (3d6) is root window
conky: window type - override
conky: drawing to created window (0xc00002)
conky: drawing to double buffer
conky: forked to background, pid is 20911

conky: X Error: Display 55c4cd3792c0

conky: desktop window (3d6) is root window
conky: window type - override
conky: drawing to created window (0xc00002)
conky: drawing to double buffer
conky: forked to background, pid is 17318

conky: received SIGHUP, SIGINT, or SIGTERM to terminate. bye!
conky: X Error: Display 560342d922c0

conky: desktop window (3d6) is root window
conky: window type - override
conky: drawing to created window (0xc00002)
conky: drawing to double buffer
conky: forked to background, pid is 3236

conky: X Error: Display 5629f88002c0

conky: desktop window (3d6) is root window
conky: window type - override
conky: drawing to created window (0xc00002)
conky: drawing to double buffer
conky: forked to background, pid is 8890

conky: X Error: Display 5578159932c0

conky: desktop window (3d6) is root window
conky: window type - override
conky: drawing to created window (0xc00002)
conky: drawing to double buffer
conky: forked to background, pid is 5968

conky: X Error: Display 56548546d2c0

conky: desktop window (3d6) is root window
conky: window type - override
conky: drawing to created window (0xc00002)
conky: drawing to double buffer
conky: forked to background, pid is 3290

conky: received SIGHUP, SIGINT, or SIGTERM to terminate. bye!
conky: X Error: Display 56157c0e52c0

conky: desktop window (3d6) is root window
conky: window type - override
conky: drawing to created window (0xc00002)
conky: drawing to double buffer
conky: forked to background, pid is 5523

conky: X Error: Display 55ba0cd302c0

conky: desktop window (3d6) is root window
conky: window type - override
conky: drawing to created window (0xc00002)
conky: drawing to double buffer
conky: forked to background, pid is 5851

conky: X Error: Display 562cd135a2c0

conky: desktop window (3d6) is root window
conky: window type - override
conky: drawing to created window (0xc00002)
conky: drawing to double buffer
conky: forked to background, pid is 6196

conky: X Error: Display 56184e1c32c0

conky: desktop window (3d6) is root window
conky: window type - override
conky: drawing to created window (0xc00002)
conky: drawing to double buffer
conky: forked to background, pid is 5044

conky: X Error: Display 55e1d3a222c0

conky: desktop window (3d6) is root window
conky: window type - override
conky: drawing to created window (0xc00002)
conky: drawing to double buffer
conky: forked to background, pid is 8013

conky: received SIGHUP, SIGINT, or SIGTERM to terminate. bye!
conky: X Error: Display 55d02a5072c0

conky: desktop window (3d6) is root window
conky: window type - override
conky: drawing to created window (0xc00002)
conky: drawing to double buffer
conky: forked to background, pid is 78659

conky: X Error: Display 55f01165d2c0

conky: desktop window (3d6) is root window
conky: window type - override
conky: drawing to created window (0xc00002)
conky: drawing to double buffer
conky: forked to background, pid is 3985

conky: received SIGHUP, SIGINT, or SIGTERM to terminate. bye!
conky: X Error: Display 55f2af73d2c0

conky: desktop window (3d6) is root window
conky: window type - override
conky: drawing to created window (0xc00002)
conky: drawing to double buffer
conky: forked to background, pid is 3420

conky: X Error: Display 55e671b3e2c0

conky: desktop window (3d6) is root window
conky: window type - override
conky: drawing to created window (0xc00002)
conky: drawing to double buffer
conky: forked to background, pid is 3713

conky: X Error: Display 5648a71582c0

conky: desktop window (3d6) is root window
conky: window type - override
conky: drawing to created window (0xc00002)
conky: drawing to double buffer
conky: forked to background, pid is 3478

conky: desktop window (3d6) is root window
conky: window type - override
conky: drawing to created window (0xc00002)
conky: drawing to double buffer
conky: forked to background, pid is 3769

conky: received SIGHUP, SIGINT, or SIGTERM to terminate. bye!
conky: X Error: Display 55dc9cc342c0

conky: desktop window (3d6) is root window
conky: window type - override
conky: drawing to created window (0xc00002)
conky: drawing to double buffer
conky: forked to background, pid is 7197

conky: X Error: Display 55bc43f642c0

conky: desktop window (3d6) is root window
conky: window type - override
conky: drawing to created window (0xc00002)
conky: drawing to double buffer
conky: forked to background, pid is 15899

conky: received SIGHUP, SIGINT, or SIGTERM to terminate. bye!
conky: X Error: Display 561ab6f802c0

conky: desktop window (3d6) is root window
conky: window type - override
conky: drawing to created window (0xc00002)
conky: drawing to double buffer
conky: forked to background, pid is 3481

conky: desktop window (3d6) is root window
conky: window type - override
conky: drawing to created window (0xc00002)
conky: drawing to double buffer
conky: forked to background, pid is 12560

conky: X Error: Display 5582b9fe42c0

conky: desktop window (3d6) is root window
conky: window type - override
conky: drawing to created window (0xc00002)
conky: drawing to double buffer
conky: forked to background, pid is 20838

conky: received SIGHUP, SIGINT, or SIGTERM to terminate. bye!
conky: X Error: Display 5631d096e2c0

conky: desktop window (3d6) is root window
conky: window type - override
conky: drawing to created window (0xc00002)
conky: drawing to double buffer
conky: forked to background, pid is 3609

conky: X Error: Display 564568f182c0

conky: desktop window (3d6) is root window
conky: window type - override
conky: drawing to created window (0xc00002)
conky: drawing to double buffer
conky: forked to background, pid is 6209

conky: received SIGHUP, SIGINT, or SIGTERM to terminate. bye!
conky: X Error: Display 55fdd44a82c0

conky: desktop window (3d6) is root window
conky: window type - override
conky: drawing to created window (0xc00002)
conky: drawing to double buffer
conky: forked to background, pid is 6919

conky: received SIGHUP, SIGINT, or SIGTERM to terminate. bye!
conky: X Error: Display 564d867012c0

conky: desktop window (3d6) is root window
conky: window type - override
conky: drawing to created window (0xc00002)
conky: drawing to double buffer
conky: forked to background, pid is 23198

conky: X Error: Display 55bf096182c0

conky: desktop window (3d6) is root window
conky: window type - override
conky: drawing to created window (0xc00002)
conky: drawing to double buffer
conky: forked to background, pid is 6103

conky: received SIGHUP, SIGINT, or SIGTERM to terminate. bye!
conky: X Error: Display 5580a12a7300

conky: desktop window (3d6) is root window
conky: window type - override
conky: drawing to created window (0xc00002)
conky: drawing to double buffer
conky: forked to background, pid is 7103

conky: X Error: Display 55e1ed4af300

conky: desktop window (3d6) is root window
conky: window type - override
conky: drawing to created window (0xc00002)
conky: drawing to double buffer
conky: forked to background, pid is 6085

conky: X Error: Display 5614619fb300

conky: desktop window (3d6) is root window
conky: window type - override
conky: drawing to created window (0xc00002)
conky: drawing to double buffer
conky: forked to background, pid is 3901

conky: X Error: Display 5623e3579300

conky: desktop window (3d6) is root window
conky: window type - override
conky: drawing to created window (0xc00002)
conky: drawing to double buffer
conky: forked to background, pid is 6725

conky: X Error: Display 56370b966300

conky: desktop window (3d6) is root window
conky: window type - override
conky: drawing to created window (0x600002)
conky: drawing to double buffer
conky: forked to background, pid is 151582

conky: X Error: Display 562633cae300

conky: desktop window (3d6) is root window
conky: window type - override
conky: drawing to created window (0xc00002)
conky: drawing to double buffer
conky: forked to background, pid is 3691

conky: X Error: Display 55b85bf0e300

conky: desktop window (3d6) is root window
conky: window type - override
conky: drawing to created window (0xc00002)
conky: drawing to double buffer
conky: forked to background, pid is 3305

conky: received SIGHUP, SIGINT, or SIGTERM to terminate. bye!
conky: X Error: Display 55ddc3470300

conky: desktop window (3d6) is root window
conky: window type - override
conky: drawing to created window (0xc00002)
conky: drawing to double buffer
conky: forked to background, pid is 3919

conky: X Error: Display 559461e56300

conky: desktop window (3d6) is root window
conky: window type - override
conky: drawing to created window (0xc00002)
conky: drawing to double buffer
conky: forked to background, pid is 14686

conky: received SIGHUP, SIGINT, or SIGTERM to terminate. bye!
conky: X Error: Display 55c37227e370

conky: desktop window (3d6) is root window
conky: window type - override
conky: drawing to created window (0xc00002)
conky: drawing to double buffer
conky: forked to background, pid is 6922

conky: received SIGHUP, SIGINT, or SIGTERM to terminate. bye!
conky: X Error: Display 5619fee79370

conky: desktop window (3d6) is root window
conky: window type - override
conky: drawing to created window (0xc00002)
conky: drawing to double buffer
conky: forked to background, pid is 9080

conky: received SIGHUP, SIGINT, or SIGTERM to terminate. bye!
conky: X Error: Display 556d51d5e370

conky: desktop window (3d6) is root window
conky: window type - override
conky: drawing to created window (0xc00002)
conky: drawing to double buffer
conky: forked to background, pid is 3838

conky: received SIGHUP, SIGINT, or SIGTERM to terminate. bye!
conky: X Error: Display 564e0ca09370

conky: desktop window (3d6) is root window
conky: window type - override
conky: drawing to created window (0xc00002)
conky: drawing to double buffer
conky: forked to background, pid is 4204

conky: received SIGHUP, SIGINT, or SIGTERM to terminate. bye!
conky: X Error: Display 55f0b81af370

conky: desktop window (3d6) is root window
conky: window type - override
conky: drawing to created window (0xc00002)
conky: drawing to double buffer
conky: forked to background, pid is 8372

conky: received SIGHUP, SIGINT, or SIGTERM to terminate. bye!
conky: X Error: Display 561fa037a370

conky: desktop window (3d6) is root window
conky: window type - override
conky: drawing to created window (0xc00002)
conky: drawing to double buffer
conky: forked to background, pid is 5417

conky: X Error: Display 56074d14d370

conky: desktop window (3d6) is root window
conky: window type - override
conky: drawing to created window (0xc00002)
conky: drawing to double buffer
conky: forked to background, pid is 3366

conky: X Error: Display 55fdd334c370

conky: desktop window (3d6) is root window
conky: window type - override
conky: drawing to created window (0xc00002)
conky: drawing to double buffer
conky: forked to background, pid is 5726

conky: received SIGHUP, SIGINT, or SIGTERM to terminate. bye!
conky: X Error: Display 55578da61370

conky: desktop window (3d6) is root window
conky: window type - override
conky: drawing to created window (0xc00002)
conky: drawing to double buffer
conky: forked to background, pid is 6670

conky: X Error: Display 56396f212370

conky: desktop window (17c) is root window
conky: window type - override
conky: drawing to created window (0xc00002)
conky: drawing to double buffer
conky: forked to background, pid is 5855

conky: X Error: Display 558e92f98300

conky: desktop window (17c) is root window
conky: window type - override
conky: drawing to created window (0xc00002)
conky: drawing to double buffer
conky: forked to background, pid is 6106

conky: X Error: Display 563aada7b300

conky: desktop window (17c) is root window
conky: window type - override
conky: drawing to created window (0xc00002)
conky: drawing to double buffer
conky: forked to background, pid is 13075

conky: X Error: Display 55dfd8759300

conky: desktop window (17c) is root window
conky: window type - override
conky: drawing to created window (0xc00002)
conky: drawing to double buffer
conky: forked to background, pid is 9687

conky: X Error: Display 5617a61c2300

conky: desktop window (17c) is root window
conky: window type - override
conky: drawing to created window (0xc00002)
conky: drawing to double buffer
conky: forked to background, pid is 6330

conky: X Error: Display 55f297280300

conky: desktop window (17c) is root window
conky: window type - override
conky: drawing to created window (0xc00002)
conky: drawing to double buffer
conky: forked to background, pid is 10121

conky: X Error: Display 563cc35ca300

conky: desktop window (17c) is root window
conky: window type - override
conky: drawing to created window (0xc00002)
conky: drawing to double buffer
conky: forked to background, pid is 6378

conky: X Error: Display 55c24f72c300

conky: desktop window (17c) is root window
conky: window type - override
conky: drawing to created window (0x600002)
conky: drawing to double buffer
conky: forked to background, pid is 390367

conky: X Error: Display 559923973300

conky: desktop window (17c) is root window
conky: window type - override
conky: drawing to created window (0xc00002)
conky: drawing to double buffer
conky: forked to background, pid is 6017

conky: X Error: Display 563c9a49d300

conky: desktop window (17c) is root window
conky: window type - override
conky: drawing to created window (0xc00002)
conky: drawing to double buffer
conky: forked to background, pid is 2429

conky: X Error: Display 55db973c7300

conky: desktop window (17c) is root window
conky: window type - override
conky: drawing to created window (0xc00002)
conky: drawing to double buffer
conky: forked to background, pid is 6272

conky: X Error: Display 55d056bda300

conky: desktop window (17c) is root window
conky: window type - override
conky: drawing to created window (0xc00002)
conky: drawing to double buffer
conky: forked to background, pid is 6320

conky: received SIGHUP, SIGINT, or SIGTERM to terminate. bye!
conky: X Error: Display 562781d5b300

conky: desktop window (17c) is root window
conky: window type - override
conky: drawing to created window (0xc00002)
conky: drawing to double buffer
conky: forked to background, pid is 3235

conky: received SIGHUP, SIGINT, or SIGTERM to terminate. bye!
conky: X Error: Display 55ca1d424300

conky: desktop window (17c) is root window
conky: window type - override
conky: drawing to created window (0xc00002)
conky: drawing to double buffer
conky: forked to background, pid is 3240

conky: X Error: Display 563a8be83300

conky: desktop window (17c) is root window
conky: window type - override
conky: drawing to created window (0xc00002)
conky: drawing to double buffer
conky: forked to background, pid is 10043

conky: X Error: Display 558d082dd300

conky: desktop window (17c) is root window
conky: window type - override
conky: drawing to created window (0xc00002)
conky: drawing to double buffer
conky: forked to background, pid is 6349

conky: received SIGHUP, SIGINT, or SIGTERM to terminate. bye!
conky: X Error: Display 55d50e413300

conky: desktop window (17c) is root window
conky: window type - override
conky: drawing to created window (0xc00002)
conky: drawing to double buffer
conky: forked to background, pid is 376451

conky: received SIGHUP, SIGINT, or SIGTERM to terminate. bye!
conky: X Error: Display 55d8e801b300

conky: desktop window (17c) is root window
conky: window type - override
conky: drawing to created window (0xc00002)
conky: drawing to double buffer
conky: forked to background, pid is 6007

conky: received SIGHUP, SIGINT, or SIGTERM to terminate. bye!
conky: X Error: Display 55b1b9262300

conky: desktop window (17c) is root window
conky: window type - override
conky: drawing to created window (0xc00002)
conky: drawing to double buffer
conky: forked to background, pid is 14281

conky: received SIGHUP, SIGINT, or SIGTERM to terminate. bye!
conky: X Error: Display 56493e3f8300

conky: desktop window (17c) is root window
conky: window type - override
conky: drawing to created window (0xc00002)
conky: drawing to double buffer
conky: forked to background, pid is 16603

conky: X Error: Display 55bafbc9b300

conky: desktop window (17c) is root window
conky: window type - override
conky: drawing to created window (0xc00002)
conky: drawing to double buffer
conky: forked to background, pid is 3569

conky: X Error: Display 5592a0ae9300

conky: desktop window (17c) is root window
conky: window type - override
conky: drawing to created window (0xc00002)
conky: drawing to double buffer
conky: forked to background, pid is 6323

conky: X Error: Display 557afbb60300

conky: desktop window (17c) is root window
conky: window type - override
conky: drawing to created window (0xa00002)
conky: drawing to double buffer
conky: forked to background, pid is 93566

conky: X Error: Display 55da36c08300

conky: desktop window (17c) is root window
conky: window type - override
conky: drawing to created window (0xc00002)
conky: drawing to double buffer
conky: forked to background, pid is 6099

conky: received SIGHUP, SIGINT, or SIGTERM to terminate. bye!
conky: X Error: Display 55b4667a3300

conky: desktop window (17c) is root window
conky: window type - override
conky: drawing to created window (0xc00002)
conky: drawing to double buffer
conky: forked to background, pid is 6113

conky: X Error: Display 564d6a27d320

conky: desktop window (17c) is root window
conky: window type - override
conky: drawing to created window (0xc00002)
conky: drawing to double buffer
conky: forked to background, pid is 8708

conky: X Error: Display 556f9a88d320

conky: desktop window (17c) is root window
conky: window type - override
conky: drawing to created window (0xc00002)
conky: drawing to double buffer
conky: forked to background, pid is 6390

conky: X Error: Display 563b537a3320

conky: desktop window (17c) is root window
conky: window type - override
conky: drawing to created window (0xc00002)
conky: drawing to double buffer
conky: forked to background, pid is 6202

conky: X Error: Display 558371d8e320

conky: desktop window (17c) is root window
conky: window type - override
conky: drawing to created window (0xc00002)
conky: drawing to double buffer
conky: forked to background, pid is 6191

conky: received SIGHUP, SIGINT, or SIGTERM to terminate. bye!
conky: X Error: Display 55f863cc3320

conky: desktop window (17c) is root window
conky: window type - override
conky: drawing to created window (0xc00002)
conky: drawing to double buffer
conky: forked to background, pid is 217052

conky: X Error: Display 5638e8b64320

conky: desktop window (17c) is root window
conky: window type - override
conky: drawing to created window (0xc00002)
conky: drawing to double buffer
conky: forked to background, pid is 11096

conky: received SIGHUP, SIGINT, or SIGTERM to terminate. bye!
conky: X Error: Display 559fd9a01320

conky: desktop window (17c) is root window
conky: window type - override
conky: drawing to created window (0xc00002)
conky: drawing to double buffer
conky: forked to background, pid is 10574

conky: X Error: Display 5606d2567320

conky: desktop window (17c) is root window
conky: window type - override
conky: drawing to created window (0xc00002)
conky: drawing to double buffer
conky: forked to background, pid is 99449

conky: received SIGHUP, SIGINT, or SIGTERM to terminate. bye!
conky: X Error: Display 55e6edd34320

conky: desktop window (17c) is root window
conky: window type - override
conky: drawing to created window (0xc00002)
conky: drawing to double buffer
conky: forked to background, pid is 3488

conky: received SIGHUP, SIGINT, or SIGTERM to terminate. bye!
conky: X Error: Display 55af05ae6320

conky: desktop window (17c) is root window
conky: window type - override
conky: drawing to created window (0xc00002)
conky: drawing to double buffer
conky: forked to background, pid is 6181

conky: received SIGHUP, SIGINT, or SIGTERM to terminate. bye!
conky: X Error: Display 56012aa59320

conky: desktop window (17c) is root window
conky: window type - override
conky: drawing to created window (0xc00002)
conky: drawing to double buffer
conky: forked to background, pid is 9764

conky: desktop window (17c) is root window
conky: window type - override
conky: drawing to created window (0xc00002)
conky: drawing to double buffer
conky: forked to background, pid is 8215

conky: received SIGHUP, SIGINT, or SIGTERM to terminate. bye!
conky: X Error: Display 564673901320

conky: desktop window (17c) is root window
conky: window type - override
conky: drawing to created window (0x800002)
conky: drawing to double buffer
conky: forked to background, pid is 7119

conky: X Error: Display 564a04ee5320

conky: desktop window (17c) is root window
conky: window type - override
conky: drawing to created window (0xc00002)
conky: drawing to double buffer
conky: forked to background, pid is 3446

conky: received SIGHUP, SIGINT, or SIGTERM to terminate. bye!
conky: X Error: Display 55de562eb320

conky: desktop window (17c) is root window
conky: window type - override
conky: drawing to created window (0xc00002)
conky: drawing to double buffer
conky: forked to background, pid is 6387

conky: desktop window (17c) is root window
conky: window type - override
conky: drawing to created window (0x600002)
conky: drawing to double buffer
conky: forked to background, pid is 8688

conky: X Error: Display 55c423b63320

conky: desktop window (17c) is root window
conky: window type - override
conky: drawing to created window (0x800002)
conky: drawing to double buffer
conky: forked to background, pid is 3489

conky: received SIGHUP, SIGINT, or SIGTERM to terminate. bye!
conky: X Error: Display 55ddcbb66320

conky: desktop window (17c) is root window
conky: window type - override
conky: drawing to created window (0x600002)
conky: drawing to double buffer
conky: forked to background, pid is 4849

conky: desktop window (17c) is root window
conky: window type - override
conky: drawing to created window (0x800002)
conky: drawing to double buffer
conky: forked to background, pid is 6750

conky: X Error: Display 560c2d953370

conky: desktop window (17c) is root window
conky: window type - override
conky: drawing to created window (0x600002)
conky: drawing to double buffer
conky: forked to background, pid is 5906

conky: X Error: Display 561a0246d370

conky: desktop window (17c) is root window
conky: window type - override
conky: drawing to created window (0xc00002)
conky: drawing to double buffer
conky: forked to background, pid is 11461

conky: X Error: Display 55af96c3d370

conky: desktop window (17c) is root window
conky: window type - override
conky: drawing to created window (0x800002)
conky: drawing to double buffer
conky: forked to background, pid is 6203

conky: X Error: Display 562237762370

conky: desktop window (17c) is root window
conky: window type - override
conky: drawing to created window (0xc00002)
conky: drawing to double buffer
conky: forked to background, pid is 3342

conky: received SIGHUP, SIGINT, or SIGTERM to terminate. bye!
conky: X Error: Display 5558416e9370

conky: desktop window (17c) is root window
conky: window type - override
conky: drawing to created window (0x600002)
conky: drawing to double buffer
conky: forked to background, pid is 5075

conky: received SIGHUP, SIGINT, or SIGTERM to terminate. bye!
conky: X Error: Display 55932912a370

conky: desktop window (55a) is root window
conky: window type - override
conky: drawing to created window (0x600002)
conky: drawing to double buffer
conky: forked to background, pid is 3227

conky: X Error: Display 562ad99fb370

conky: desktop window (55a) is root window
conky: window type - override
conky: drawing to created window (0x800002)
conky: drawing to double buffer
conky: forked to background, pid is 3229

conky: X Error: Display 55973b53a370

conky: desktop window (55a) is root window
conky: window type - override
conky: drawing to created window (0xc00002)
conky: drawing to double buffer
conky: forked to background, pid is 5819

conky: X Error: Display 5589e62a0370

conky: desktop window (55a) is root window
conky: window type - override
conky: drawing to created window (0xc00002)
conky: drawing to double buffer
conky: forked to background, pid is 6112

conky: received SIGHUP, SIGINT, or SIGTERM to terminate. bye!
conky: X Error: Display 55fcc10e2370

conky: desktop window (55a) is root window
conky: window type - override
conky: drawing to created window (0xc00002)
conky: drawing to double buffer
conky: forked to background, pid is 3344

conky: X Error: Display 557d5eeee370

conky: desktop window (55a) is root window
conky: window type - override
conky: drawing to created window (0xc00002)
conky: drawing to double buffer
conky: forked to background, pid is 3334

conky: received SIGHUP, SIGINT, or SIGTERM to terminate. bye!
conky: X Error: Display 5649bd797370

conky: desktop window (55a) is root window
conky: window type - override
conky: drawing to created window (0xc00002)
conky: drawing to double buffer
conky: forked to background, pid is 3292

conky: X Error: Display 55cf98f36370

conky: desktop window (55a) is root window
conky: window type - override
conky: drawing to created window (0xc00002)
conky: drawing to double buffer
conky: forked to background, pid is 6049

conky: X Error: Display 55d279817370

conky: desktop window (55a) is root window
conky: window type - override
conky: drawing to created window (0xa00002)
conky: drawing to double buffer
conky: forked to background, pid is 4789

conky: received SIGHUP, SIGINT, or SIGTERM to terminate. bye!
conky: X Error: Display 563bd1d62370

conky: desktop window (55a) is root window
conky: window type - override
conky: drawing to created window (0xc00002)
conky: drawing to double buffer
conky: forked to background, pid is 6004

conky: desktop window (55a) is root window
conky: window type - override
conky: drawing to created window (0xc00002)
conky: drawing to double buffer
conky: forked to background, pid is 5295

conky: received SIGHUP, SIGINT, or SIGTERM to terminate. bye!
conky: X Error: Display 55f5743af370

conky: desktop window (55a) is root window
conky: window type - override
conky: drawing to created window (0x800002)
conky: drawing to double buffer
conky: forked to background, pid is 4856

conky: X Error: Display 55d5f51af370

conky: desktop window (55a) is root window
conky: window type - override
conky: drawing to created window (0xe00002)
conky: drawing to double buffer
conky: forked to background, pid is 6157

conky: received SIGHUP, SIGINT, or SIGTERM to terminate. bye!
conky: X Error: Display 5612f3fd3240

conky: desktop window (55a) is root window
conky: window type - override
conky: drawing to created window (0x800002)
conky: drawing to double buffer
conky: forked to background, pid is 5981

conky: X Error: Display 558a05563240

conky: desktop window (55a) is root window
conky: window type - override
conky: drawing to created window (0xc00002)
conky: drawing to double buffer
conky: forked to background, pid is 63187

conky: X Error: Display 558102c85240

conky: desktop window (55a) is root window
conky: window type - override
conky: drawing to created window (0xa00002)
conky: drawing to double buffer
conky: forked to background, pid is 3816

conky: received SIGHUP, SIGINT, or SIGTERM to terminate. bye!
conky: X Error: Display 5571af210240

conky: desktop window (55a) is root window
conky: window type - override
conky: drawing to created window (0xc00002)
conky: drawing to double buffer
conky: forked to background, pid is 3310

conky: received SIGHUP, SIGINT, or SIGTERM to terminate. bye!
conky: X Error: Display 565053d74240

conky: desktop window (55a) is root window
conky: window type - override
conky: drawing to created window (0xc00002)
conky: drawing to double buffer
conky: forked to background, pid is 5849

conky: X Error: Display 5622125e6240

conky: desktop window (55a) is root window
conky: window type - override
conky: drawing to created window (0xc00002)
conky: drawing to double buffer
conky: forked to background, pid is 4802

conky: received SIGHUP, SIGINT, or SIGTERM to terminate. bye!
conky: X Error: Display 558fea2af240

conky: desktop window (55a) is root window
conky: window type - override
conky: drawing to created window (0x600002)
conky: drawing to double buffer
conky: forked to background, pid is 5932

conky: received SIGHUP, SIGINT, or SIGTERM to terminate. bye!
conky: X Error: Display 563c978ef240

conky: desktop window (55a) is root window
conky: window type - override
conky: drawing to created window (0xc00002)
conky: drawing to double buffer
conky: forked to background, pid is 3220

conky: X Error: Display 561ed2d71240

conky: desktop window (55a) is root window
conky: window type - override
conky: drawing to created window (0xc00002)
conky: drawing to double buffer
conky: forked to background, pid is 5914

conky: received SIGHUP, SIGINT, or SIGTERM to terminate. bye!
conky: X Error: Display 561f9f02f240

conky: desktop window (55a) is root window
conky: window type - override
conky: drawing to created window (0x600002)
conky: drawing to double buffer
conky: forked to background, pid is 3353

conky: X Error: Display 5575c22fe240

conky: desktop window (55a) is root window
conky: window type - override
conky: drawing to created window (0xa00002)
conky: drawing to double buffer
conky: forked to background, pid is 5387

conky: X Error: Display 5626eb1bd240

conky: desktop window (55a) is root window
conky: window type - override
conky: drawing to created window (0xc00002)
conky: drawing to double buffer
conky: forked to background, pid is 4234

conky: X Error: Display 55ca7c5d9240

conky: desktop window (55a) is root window
conky: window type - override
conky: drawing to created window (0xc00002)
conky: drawing to double buffer
conky: forked to background, pid is 6423

conky: received SIGHUP, SIGINT, or SIGTERM to terminate. bye!
conky: X Error: Display 56435d9bf240

conky: desktop window (55a) is root window
conky: window type - override
conky: drawing to created window (0xc00002)
conky: drawing to double buffer
conky: forked to background, pid is 6107

conky: received SIGHUP, SIGINT, or SIGTERM to terminate. bye!
conky: X Error: Display 557fc8114240

conky: desktop window (55a) is root window
conky: window type - override
conky: drawing to created window (0xc00002)
conky: drawing to double buffer
conky: forked to background, pid is 6988

conky: X Error: Display 556dea798240

conky: desktop window (55a) is root window
conky: window type - override
conky: drawing to created window (0xc00002)
conky: drawing to double buffer
conky: forked to background, pid is 4832

conky: X Error: Display 559d27e16240

conky: desktop window (55a) is root window
conky: window type - override
conky: drawing to created window (0xc00002)
conky: drawing to double buffer
conky: forked to background, pid is 3228

conky: X Error: Display 564a64dfc240

conky: desktop window (55a) is root window
conky: window type - override
conky: drawing to created window (0xa00002)
conky: drawing to double buffer
conky: forked to background, pid is 5899

conky: X Error: Display 5577465e5240

conky: desktop window (55a) is root window
conky: window type - override
conky: drawing to created window (0xe00002)
conky: drawing to double buffer
conky: forked to background, pid is 3571

